---

- title: Coherence
  imdb:
    - url: http://www.imdb.com/title/tt2866360/

- title: In a world
  imdb:
    - url: http://www.imdb.com/title/tt2294677/

- title: StarTrek Into Darkness
  imdb:
    - url: http://www.imdb.com/title/tt1408101/

- title: Snowpiercer
  imdb:
    - url: http://www.imdb.com/title/tt1706620/

- title: The 100-Year-Old Man Who Climbed Out the Window and Disappeared
  imdb:
    - uri: http://www.imdb.com/title/tt2113681/

- title: Vamp U
  imdb:
    - uri: http://www.imdb.com/title/tt1727885/

- title: We're the Millers
  imdb:
    - uri: http://www.imdb.com/title/tt1723121/

