---
## Some TeleSeries

- title: American Horror Story
  pos:  S04E10

- title: Alfred Hitchcock Presents
  pos:  S02E26

- title: Arrow
  pos:  Sxx

- title: Band of Brothers
  pos:  Sxx

- title: Banshee
  pos:  S01

- title: Boss
  pos:  S02

- title: Black Mirror
  pos:  S01

- title: Breaking Bad
  pos:  Sxx

- title: Castle
  pos:  SxxExx

- title: Chuck
  pos:  SxxExx

- title: Coupling
  pos:  S04

- title: Criminal Minds
  pos:  S10E09

- title: Dexter
  pos:  Sxx

- title: Drew Carey Show
  pos:  S01

- title: Elementary
  pos:  S03E08

- title: Extant
  pos:  S01E03

- title: Family Guy
  pos:  S06, S13E01-06

- title: Friends
  pos:  S10

- title: Game of Thrones
  pos:  S0x

- title: Halt and Catch Fire
  pos:  S01

- title: Hannibal
  pos:  S02

- title: Homeland
  pos:  S04E11

- title: How I Met Your Mother
  pos:  Sxx

- title: House of Cards
  pos:  S02

- title: How To Get Away With Murder
  pos:  S01E09

- title: Intelligence
  pos:  S01E01

- title: Lie To Me
  pos:  S03

- title: Manhattan
  pos:  S01

- title: M*A*S*H*
  pos:  S11

- title: Masters of Sex
  pos:  S02E01

- title: Modern Family
  pos:  S06E09

- title: Orange is the New Black
  pos:  S02

- title: Peaky Blinders
  pos:  S01

- title: Prison Break
  pos:  S04

- title: Qi
  pos:  SxxExx

- title: Rome
  pos:  S02

- title: Sherlock
  pos:  S04

- title: Silicon Valley
  pos:  S01

- title: Sons of Anarchy
  pos:  S04

- title: South Park
  pos:  SxxExx

- title: Spartacus
  pos:  Sxx

- title: Supernatural
  pos:  SxxExx

- title: The Adventures of Sherlock Holmes
  pos:  SxxExx

- title: The Americans
  pos:  S02

- title: The Assets
  pos:  S01

- title: The Big Bang Theory
  pos:  S08E11

- title: The Drew Carey Show
  pos:  S01

- title: The I.T. Crowd
  pos:  S05E01

- title: The Mentalist
  pos:  S07E03

- title: The Newsroom
  pos:  S03E03

- title: True Detective
  pos:  S01

- title: Veep
  pos:  S01

